
timestamp="4/17/2019 11:00:57" project="Dark Helmets" your_mood="1" comments="this is a test" team_work="2" deadline="3" process="4" leadership="5"
timestamp="4/17/2019 11:01:22" project="First Place" your_mood="1" comments="this is a test" team_work="2" deadline="3" process="4" leadership="5"
timestamp="4/17/2019 11:01:44" project="Anonymous Mood Radiators" your_mood="1" comments="this is a second test" team_work="4" deadline="2" process="3" leadership="3"
timestamp="4/17/2019 11:02:18" project="Trunk and Disorderly" your_mood="1" comments="please work" team_work="1" deadline="4" process="4" leadership="3"
timestamp="4/17/2019 11:04:33" project="Dark Helmets" your_mood="4" comments="" team_work="4" deadline="2" process="3" leadership="1"
timestamp="4/17/2019 11:04:54" project="Bill and Co’s excellent adventure" your_mood="3" comments="" team_work="5" deadline="1" process="2" leadership="4"
timestamp="4/17/2019 11:34:33" project="Dark Helmets" your_mood="5" comments="" team_work="4" deadline="3" process="2" leadership="1"
timestamp="4/17/2019 11:40:52" project="Rocky Mutants" your_mood="4" comments="Wow this is starting to come together...I think we could make it" team_work="5" deadline="4" process="4" leadership="4"
timestamp="4/17/2019 11:46:16" project="First Place" your_mood="3" comments="Testing to see if my script is actually working" team_work="5" deadline="4" process="4" leadership="5"
timestamp="4/17/2019 12:04:16" project="Dark Helmets" your_mood="3" comments="having a little trouble getting my splunk indexing to work" team_work="5" deadline="4" process="4" leadership="4"
timestamp="4/17/2019 12:11:14" project="Distributed Comet Zone" your_mood="4" comments="My tools and processes are not coming together but generally feeling good" team_work="4" deadline="4" process="2" leadership="5"
timestamp="4/17/2019 12:25:57" project="Anonymous Mood Radiators" your_mood="4" comments="Looks like things are working, just taking a while to run" team_work="5" deadline="4" process="5" leadership="5"
timestamp="4/17/2019 12:41:17" project="Trunk and Disorderly" your_mood="5" comments="Lunch is here" team_work="5" deadline="5" process="5" leadership="5"
timestamp="4/17/2019 13:06:06" project="♫ (The Note)" your_mood="5" comments="" team_work="5" deadline="5" process="5" leadership="5"
timestamp="4/17/2019 13:07:07" project="Dark Helmets" your_mood="5" comments="" team_work="5" deadline="5" process="5" leadership="5"
timestamp="4/17/2019 13:07:44" project="Mashify" your_mood="5" comments="" team_work="5" deadline="5" process="5" leadership="5"
timestamp="4/17/2019 13:10:36" project="Trunk and Disorderly" your_mood="5" comments="" team_work="5" deadline="5" process="5" leadership="5"
timestamp="4/17/2019 13:11:42" project="Dark Helmets" your_mood="5" comments="" team_work="5" deadline="5" process="5" leadership="5"
timestamp="4/17/2019 13:12:28" project="Rocky Mutants" your_mood="5" comments="" team_work="5" deadline="5" process="5" leadership="5"
timestamp="4/17/2019 13:27:20" project="Custom Team" your_mood="5" comments="" team_work="5" deadline="5" process="5" leadership="5"
timestamp="4/17/2019 13:35:50" project="Anonymous Mood Radiators" your_mood="2" comments="" team_work="1" deadline="3" process="3" leadership="2"
timestamp="4/17/2019 13:41:59" project="Trunk and Disorderly" your_mood="5" comments="Here we go...I think we are getting there" team_work="4" deadline="5" process="4" leadership="5"
timestamp="4/17/2019 13:57:36" project="Trunk and Disorderly" your_mood="5" comments="" team_work="4" deadline="5" process="4" leadership="5"
timestamp="4/17/2019 13:58:46" project="Dark Helmets" your_mood="3" comments="A little bit scared" team_work="2" deadline="3" process="3" leadership="2"
timestamp="4/17/2019 14:34:07" project="Anonymous Mood Radiators" your_mood="4" comments="Slowly getting there" team_work="5" deadline="4" process="5" leadership="5"
timestamp="4/17/2019 15:03:55" project="Anonymous Mood Radiators" your_mood="4" comments="" team_work="4" deadline="4" process="4" leadership="4"
timestamp="4/17/2019 15:05:17" project="♫ (The Note)" your_mood="3" comments="" team_work="3" deadline="3" process="3" leadership="3"
timestamp="4/17/2019 15:08:16" project="Trunk and Disorderly" your_mood="4" comments="All goes well. No risk. Full of confidence.. to the brim." team_work="4" deadline="5" process="5" leadership="3"
timestamp="4/17/2019 15:11:46" project="Trunk and Disorderly" your_mood="3" comments="All goes well. No risk. Full of confidence.. to the brim." team_work="2" deadline="3" process="2" leadership="4"
timestamp="4/17/2019 15:14:46" project="Dark Helmets" your_mood="3" comments="" team_work="3" deadline="3" process="3" leadership="3"
timestamp="4/17/2019 15:19:22" project="Dark Helmets" your_mood="4" comments="Hit some road blocks. In the process of digging ourselves out of a hole" team_work="5" deadline="3" process="5" leadership="5"
timestamp="4/17/2019 15:20:01" project="Dark Helmets" your_mood="3" comments="Have vision, but frustrated getting there." team_work="4" deadline="2" process="3" leadership="4"
timestamp="4/17/2019 15:20:55" project="Custom Team" your_mood="5" comments="Surprisingly easy on the fun stuff, surprisingly tough on the glue stuff." team_work="5" deadline="3" process="5" leadership="4"
timestamp="4/17/2019 15:21:15" project="Dark Helmets" your_mood="4" comments="" team_work="5" deadline="4" process="3" leadership="5"
timestamp="4/17/2019 15:21:51" project="Distributed Comet Zone" your_mood="5" comments="Fabulous. Lots of fun." team_work="5" deadline="5" process="3" leadership="5"
timestamp="4/17/2019 15:22:46" project="♫ (The Note)" your_mood="3" comments="Quietly confident and morbidly depressed." team_work="3" deadline="3" process="5" leadership="4"
timestamp="4/17/2019 15:23:36" project="♫ (The Note)" your_mood="3" comments="" team_work="2" deadline="3" process="4" leadership="3"
timestamp="4/17/2019 15:24:08" project="Dark Helmets" your_mood="5" comments="" team_work="5" deadline="2" process="3" leadership="5"
timestamp="4/17/2019 15:25:54" project="Rocky Mutants" your_mood="4" comments="Disparate... ad hoc." team_work="4" deadline="5" process="5" leadership="5"
timestamp="4/17/2019 15:26:29" project="Mashify" your_mood="3" comments="If only it was hackweek!" team_work="3" deadline="3" process="1" leadership="3"
timestamp="4/17/2019 15:47:20" project="Trunk and Disorderly" your_mood="2" comments="Wavering between disturbed and excited" team_work="3" deadline="2" process="4" leadership="4"
timestamp="4/17/2019 15:52:36" project="Anonymous Mood Radiators" your_mood="2" comments="" team_work="2" deadline="4" process="4" leadership="3"
timestamp="4/17/2019 15:52:51" project="Anonymous Mood Radiators" your_mood="4" comments="" team_work="4" deadline="3" process="3" leadership="4"
timestamp="4/17/2019 17:38:33" project="Anonymous Mood Radiators" your_mood="4" comments="" team_work="5" deadline="4" process="4" leadership="4"
